<?xml version="1.0" encoding="UTF-8"?>
<!-- Generated by org.testng.reporters.JUnitReportReporter -->
<testsuite hostname="DESKTOP-184E667" failures="0" tests="1" name="testngpack.Demo" time="0.018" errors="0" timestamp="2022-06-04T08:51:10 IST" skipped="0">
  <testcase classname="testngpack.Demo" name="a" time="0.018"/>
  <system-out/>
</testsuite> <!-- testngpack.Demo -->
